{"total": {"lines":{"total":152,"covered":59,"skipped":0,"pct":38.81},"statements":{"total":157,"covered":61,"skipped":0,"pct":38.85},"functions":{"total":42,"covered":18,"skipped":0,"pct":42.85},"branches":{"total":42,"covered":11,"skipped":0,"pct":26.19},"branchesTrue":{"total":0,"covered":0,"skipped":0,"pct":100}}
,"/home/igor/Desktop/TRYBE/projetos/FrontEnd/sd-027-b-project-trivia-react-redux/src/App.js": {"lines":{"total":1,"covered":1,"skipped":0,"pct":100},"functions":{"total":1,"covered":1,"skipped":0,"pct":100},"statements":{"total":1,"covered":1,"skipped":0,"pct":100},"branches":{"total":0,"covered":0,"skipped":0,"pct":100}}
,"/home/igor/Desktop/TRYBE/projetos/FrontEnd/sd-027-b-project-trivia-react-redux/src/components/Header.jsx": {"lines":{"total":4,"covered":2,"skipped":0,"pct":50},"functions":{"total":2,"covered":0,"skipped":0,"pct":0},"statements":{"total":5,"covered":2,"skipped":0,"pct":40},"branches":{"total":0,"covered":0,"skipped":0,"pct":100}}
,"/home/igor/Desktop/TRYBE/projetos/FrontEnd/sd-027-b-project-trivia-react-redux/src/components/MultipleChoice.jsx": {"lines":{"total":10,"covered":1,"skipped":0,"pct":10},"functions":{"total":3,"covered":0,"skipped":0,"pct":0},"statements":{"total":10,"covered":1,"skipped":0,"pct":10},"branches":{"total":6,"covered":0,"skipped":0,"pct":0}}
,"/home/igor/Desktop/TRYBE/projetos/FrontEnd/sd-027-b-project-trivia-react-redux/src/components/Ranking.jsx": {"lines":{"total":6,"covered":3,"skipped":0,"pct":50},"functions":{"total":4,"covered":2,"skipped":0,"pct":50},"statements":{"total":7,"covered":4,"skipped":0,"pct":57.14},"branches":{"total":0,"covered":0,"skipped":0,"pct":100}}
,"/home/igor/Desktop/TRYBE/projetos/FrontEnd/sd-027-b-project-trivia-react-redux/src/pages/Feedback.jsx": {"lines":{"total":24,"covered":23,"skipped":0,"pct":95.83},"functions":{"total":7,"covered":7,"skipped":0,"pct":100},"statements":{"total":25,"covered":24,"skipped":0,"pct":96},"branches":{"total":8,"covered":5,"skipped":0,"pct":62.5}}
,"/home/igor/Desktop/TRYBE/projetos/FrontEnd/sd-027-b-project-trivia-react-redux/src/pages/Fireworks.jsx": {"lines":{"total":1,"covered":0,"skipped":0,"pct":0},"functions":{"total":1,"covered":0,"skipped":0,"pct":0},"statements":{"total":1,"covered":0,"skipped":0,"pct":0},"branches":{"total":0,"covered":0,"skipped":0,"pct":100}}
,"/home/igor/Desktop/TRYBE/projetos/FrontEnd/sd-027-b-project-trivia-react-redux/src/pages/Game.jsx": {"lines":{"total":78,"covered":2,"skipped":0,"pct":2.56},"functions":{"total":15,"covered":0,"skipped":0,"pct":0},"statements":{"total":80,"covered":2,"skipped":0,"pct":2.5},"branches":{"total":22,"covered":0,"skipped":0,"pct":0}}
,"/home/igor/Desktop/TRYBE/projetos/FrontEnd/sd-027-b-project-trivia-react-redux/src/pages/Login.jsx": {"lines":{"total":26,"covered":26,"skipped":0,"pct":100},"functions":{"total":7,"covered":7,"skipped":0,"pct":100},"statements":{"total":26,"covered":26,"skipped":0,"pct":100},"branches":{"total":6,"covered":6,"skipped":0,"pct":100}}
,"/home/igor/Desktop/TRYBE/projetos/FrontEnd/sd-027-b-project-trivia-react-redux/src/pages/SadMusic.jsx": {"lines":{"total":1,"covered":0,"skipped":0,"pct":0},"functions":{"total":1,"covered":0,"skipped":0,"pct":0},"statements":{"total":1,"covered":0,"skipped":0,"pct":0},"branches":{"total":0,"covered":0,"skipped":0,"pct":100}}
,"/home/igor/Desktop/TRYBE/projetos/FrontEnd/sd-027-b-project-trivia-react-redux/src/pages/Settings.jsx": {"lines":{"total":1,"covered":1,"skipped":0,"pct":100},"functions":{"total":1,"covered":1,"skipped":0,"pct":100},"statements":{"total":1,"covered":1,"skipped":0,"pct":100},"branches":{"total":0,"covered":0,"skipped":0,"pct":100}}
}
